Connected to MySQL database
Connected to MySQL database
Connected to MySQL database
Connected to MySQL database
Connected to MySQL database
Connected to MySQL database
Connected to MySQL database
Connected to MySQL database
Connected to MySQL database
Connected to MySQL database
Connected to MySQL database
Connected to MySQL database
Connected to MySQL database
Processing file: Sensor6.csv with sensorid: Sensor6
Moved Sensor6.csv to /home/uhi/archived_data/Sensor6_1721412946.csv
Connected to MySQL database
Connected to MySQL database
Connected to MySQL database
Connected to MySQL database
Connected to MySQL database
Connected to MySQL database
Connected to MySQL database
Connected to MySQL database
Connected to MySQL database
Connected to MySQL database
Connected to MySQL database
Connected to MySQL database
Connected to MySQL database
Connected to MySQL database
Connected to MySQL database
Connected to MySQL database
Connected to MySQL database
Connected to MySQL database
Connected to MySQL database
Connected to MySQL database
Connected to MySQL database
Connected to MySQL database
Connected to MySQL database
Connected to MySQL database
Connected to MySQL database
Connected to MySQL database
Connected to MySQL database
Connected to MySQL database
Connected to MySQL database
Connected to MySQL database
Connected to MySQL database
Connected to MySQL database
Connected to MySQL database
Connected to MySQL database
Connected to MySQL database
Connected to MySQL database
Connected to MySQL database
Connected to MySQL database
Connected to MySQL database
Connected to MySQL database
Connected to MySQL database
Connected to MySQL database
Connected to MySQL database
Connected to MySQL database
Connected to MySQL database
Connected to MySQL database
Connected to MySQL database
Connected to MySQL database
Connected to MySQL database
Connected to MySQL database
Connected to MySQL database
Connected to MySQL database
Connected to MySQL database
Connected to MySQL database
Connected to MySQL database
Connected to MySQL database
Connected to MySQL database
Connected to MySQL database
Connected to MySQL database
Connected to MySQL database
Connected to MySQL database
Connected to MySQL database
Connected to MySQL database
Connected to MySQL database
Connected to MySQL database
Connected to MySQL database
Connected to MySQL database
Connected to MySQL database
Connected to MySQL database
Connected to MySQL database
Connected to MySQL database
Connected to MySQL database
Connected to MySQL database
Connected to MySQL database
Connected to MySQL database
Connected to MySQL database
Connected to MySQL database
Connected to MySQL database
Connected to MySQL database
Connected to MySQL database
Connected to MySQL database
Connected to MySQL database
Connected to MySQL database
Connected to MySQL database
Connected to MySQL database
Connected to MySQL database
Connected to MySQL database
Connected to MySQL database
Connected to MySQL database
Connected to MySQL database
Connected to MySQL database
Connected to MySQL database
Connected to MySQL database
Connected to MySQL database
Connected to MySQL database
Connected to MySQL database
Connected to MySQL database
Connected to MySQL database
Connected to MySQL database
Connected to MySQL database
Connected to MySQL database
Connected to MySQL database
Connected to MySQL database
Connected to MySQL database
Connected to MySQL database
Connected to MySQL database
Connected to MySQL database
Connected to MySQL database
Connected to MySQL database
Connected to MySQL database
Connected to MySQL database
Connected to MySQL database
Connected to MySQL database
Connected to MySQL database
Connected to MySQL database
Connected to MySQL database
Connected to MySQL database
Connected to MySQL database
Connected to MySQL database
Connected to MySQL database
Connected to MySQL database
Connected to MySQL database
Connected to MySQL database
Connected to MySQL database
Connected to MySQL database
Connected to MySQL database
Connected to MySQL database
Connected to MySQL database
Connected to MySQL database
Connected to MySQL database
Connected to MySQL database
Connected to MySQL database
Connected to MySQL database
Connected to MySQL database
Connected to MySQL database
Connected to MySQL database
Connected to MySQL database
Connected to MySQL database
Connected to MySQL database
Connected to MySQL database
Connected to MySQL database
Processing file: Sensor10.csv with sensorid: Sensor10
Moved Sensor10.csv to /home/uhi/archived_data/Sensor10_1721455241.csv
Connected to MySQL database
Connected to MySQL database
Connected to MySQL database
Connected to MySQL database
Connected to MySQL database
Connected to MySQL database
Connected to MySQL database
Connected to MySQL database
Connected to MySQL database
Connected to MySQL database
Connected to MySQL database
Connected to MySQL database
Connected to MySQL database
Connected to MySQL database
Connected to MySQL database
Connected to MySQL database
Connected to MySQL database
Connected to MySQL database
Connected to MySQL database
Connected to MySQL database
Connected to MySQL database
Connected to MySQL database
Connected to MySQL database
Connected to MySQL database
Connected to MySQL database
Connected to MySQL database
Connected to MySQL database
Connected to MySQL database
Connected to MySQL database
Connected to MySQL database
Connected to MySQL database
Connected to MySQL database
Connected to MySQL database
Connected to MySQL database
Connected to MySQL database
Connected to MySQL database
Connected to MySQL database
Connected to MySQL database
Connected to MySQL database
Connected to MySQL database
Connected to MySQL database
Connected to MySQL database
Connected to MySQL database
Connected to MySQL database
Connected to MySQL database
Connected to MySQL database
Connected to MySQL database
Connected to MySQL database
Connected to MySQL database
Connected to MySQL database
Connected to MySQL database
Connected to MySQL database
Connected to MySQL database
Connected to MySQL database
Connected to MySQL database
Connected to MySQL database
Connected to MySQL database
Connected to MySQL database
Connected to MySQL database
Connected to MySQL database
Connected to MySQL database
Connected to MySQL database
Connected to MySQL database
Connected to MySQL database
Connected to MySQL database
Connected to MySQL database
Connected to MySQL database
Connected to MySQL database
Connected to MySQL database
Connected to MySQL database
Connected to MySQL database
Connected to MySQL database
Connected to MySQL database
Connected to MySQL database
Connected to MySQL database
Connected to MySQL database
Connected to MySQL database
Connected to MySQL database
Connected to MySQL database
Connected to MySQL database
Connected to MySQL database
Connected to MySQL database
Connected to MySQL database
Connected to MySQL database
Connected to MySQL database
Connected to MySQL database
Connected to MySQL database
Connected to MySQL database
Connected to MySQL database
Connected to MySQL database
Connected to MySQL database
Connected to MySQL database
Connected to MySQL database
Connected to MySQL database
Connected to MySQL database
Connected to MySQL database
Connected to MySQL database
Connected to MySQL database
Connected to MySQL database
Connected to MySQL database
Connected to MySQL database
Connected to MySQL database
Connected to MySQL database
Connected to MySQL database
Connected to MySQL database
Connected to MySQL database
Connected to MySQL database
Connected to MySQL database
Connected to MySQL database
Connected to MySQL database
Connected to MySQL database
Connected to MySQL database
Connected to MySQL database
Connected to MySQL database
Connected to MySQL database
Connected to MySQL database
Connected to MySQL database
Connected to MySQL database
Connected to MySQL database
Connected to MySQL database
Connected to MySQL database
Connected to MySQL database
Connected to MySQL database
Connected to MySQL database
Connected to MySQL database
Connected to MySQL database
Connected to MySQL database
Connected to MySQL database
Connected to MySQL database
Connected to MySQL database
Connected to MySQL database
Connected to MySQL database
Connected to MySQL database
Connected to MySQL database
Connected to MySQL database
Connected to MySQL database
Connected to MySQL database
Connected to MySQL database
Connected to MySQL database
Connected to MySQL database
Connected to MySQL database
Connected to MySQL database
Connected to MySQL database
Connected to MySQL database
Connected to MySQL database
Connected to MySQL database
Connected to MySQL database
Connected to MySQL database
Connected to MySQL database
Connected to MySQL database
Connected to MySQL database
Connected to MySQL database
Connected to MySQL database
Connected to MySQL database
Connected to MySQL database
Connected to MySQL database
Connected to MySQL database
Connected to MySQL database
Connected to MySQL database
Connected to MySQL database
Connected to MySQL database
Connected to MySQL database
Connected to MySQL database
Connected to MySQL database
Connected to MySQL database
Connected to MySQL database
Connected to MySQL database
Connected to MySQL database
Connected to MySQL database
Connected to MySQL database
Connected to MySQL database
Connected to MySQL database
Connected to MySQL database
Connected to MySQL database
Connected to MySQL database
Connected to MySQL database
Connected to MySQL database
Connected to MySQL database
Connected to MySQL database
Connected to MySQL database
Connected to MySQL database
Connected to MySQL database
Connected to MySQL database
Connected to MySQL database
Connected to MySQL database
Connected to MySQL database
Connected to MySQL database
Connected to MySQL database
Connected to MySQL database
Connected to MySQL database
Connected to MySQL database
Connected to MySQL database
Connected to MySQL database
Connected to MySQL database
Connected to MySQL database
Connected to MySQL database
Connected to MySQL database
Connected to MySQL database
Connected to MySQL database
Connected to MySQL database
Connected to MySQL database
Connected to MySQL database
Connected to MySQL database
Connected to MySQL database
Connected to MySQL database
Connected to MySQL database
Processing file: Sensor10.csv with sensorid: Sensor10
Moved Sensor10.csv to /home/uhi/archived_data/Sensor10_1721517042.csv
Connected to MySQL database
Connected to MySQL database
Connected to MySQL database
Connected to MySQL database
Connected to MySQL database
Connected to MySQL database
Connected to MySQL database
Connected to MySQL database
Connected to MySQL database
Connected to MySQL database
Connected to MySQL database
Connected to MySQL database
Connected to MySQL database
Connected to MySQL database
Connected to MySQL database
Connected to MySQL database
Connected to MySQL database
Connected to MySQL database
Connected to MySQL database
Connected to MySQL database
Connected to MySQL database
Connected to MySQL database
Processing file: Sensor21.csv with sensorid: Sensor21
Moved Sensor21.csv to /home/uhi/archived_data/Sensor21_1721523641.csv
Connected to MySQL database
Connected to MySQL database
Connected to MySQL database
Connected to MySQL database
Connected to MySQL database
Connected to MySQL database
Connected to MySQL database
Connected to MySQL database
Connected to MySQL database
Connected to MySQL database
Connected to MySQL database
Connected to MySQL database
Connected to MySQL database
Connected to MySQL database
Connected to MySQL database
Connected to MySQL database
Connected to MySQL database
Connected to MySQL database
Connected to MySQL database
Connected to MySQL database
Connected to MySQL database
Connected to MySQL database
Connected to MySQL database
Connected to MySQL database
Connected to MySQL database
Connected to MySQL database
Connected to MySQL database
Connected to MySQL database
Connected to MySQL database
Connected to MySQL database
Connected to MySQL database
Connected to MySQL database
Connected to MySQL database
Connected to MySQL database
Connected to MySQL database
Connected to MySQL database
Connected to MySQL database
Connected to MySQL database
Connected to MySQL database
Connected to MySQL database
Connected to MySQL database
Connected to MySQL database
Connected to MySQL database
Connected to MySQL database
Connected to MySQL database
Connected to MySQL database
Connected to MySQL database
Connected to MySQL database
Connected to MySQL database
Connected to MySQL database
Connected to MySQL database
Connected to MySQL database
Connected to MySQL database
Connected to MySQL database
Connected to MySQL database
Connected to MySQL database
Connected to MySQL database
Connected to MySQL database
Connected to MySQL database
Connected to MySQL database
Connected to MySQL database
Connected to MySQL database
Connected to MySQL database
Connected to MySQL database
Connected to MySQL database
Connected to MySQL database
Connected to MySQL database
Connected to MySQL database
Connected to MySQL database
Connected to MySQL database
Connected to MySQL database
Connected to MySQL database
Connected to MySQL database
Connected to MySQL database
Connected to MySQL database
Connected to MySQL database
Connected to MySQL database
Connected to MySQL database
Connected to MySQL database
Connected to MySQL database
Connected to MySQL database
Connected to MySQL database
Connected to MySQL database
Connected to MySQL database
Connected to MySQL database
Connected to MySQL database
Connected to MySQL database
Connected to MySQL database
Connected to MySQL database
Connected to MySQL database
Connected to MySQL database
Connected to MySQL database
Connected to MySQL database
Connected to MySQL database
Connected to MySQL database
Connected to MySQL database
Processing file: Sensor3.csv with sensorid: Sensor3
Moved Sensor3.csv to /home/uhi/archived_data/Sensor3_1721552749.csv
Connected to MySQL database
Connected to MySQL database
Connected to MySQL database
Connected to MySQL database
Connected to MySQL database
Connected to MySQL database
Connected to MySQL database
Connected to MySQL database
Connected to MySQL database
Connected to MySQL database
Connected to MySQL database
Connected to MySQL database
Connected to MySQL database
Connected to MySQL database
Connected to MySQL database
Connected to MySQL database
Connected to MySQL database
Connected to MySQL database
Connected to MySQL database
Connected to MySQL database
Connected to MySQL database
Connected to MySQL database
Connected to MySQL database
Connected to MySQL database
Connected to MySQL database
Connected to MySQL database
Connected to MySQL database
Connected to MySQL database
Connected to MySQL database
Connected to MySQL database
Connected to MySQL database
Connected to MySQL database
Connected to MySQL database
Connected to MySQL database
Connected to MySQL database
Connected to MySQL database
Connected to MySQL database
Connected to MySQL database
Connected to MySQL database
Connected to MySQL database
Connected to MySQL database
Connected to MySQL database
Connected to MySQL database
Connected to MySQL database
Connected to MySQL database
Connected to MySQL database
Connected to MySQL database
Connected to MySQL database
Connected to MySQL database
Connected to MySQL database
Connected to MySQL database
Connected to MySQL database
Connected to MySQL database
Connected to MySQL database
Connected to MySQL database
Connected to MySQL database
Connected to MySQL database
Connected to MySQL database
Connected to MySQL database
Connected to MySQL database
Connected to MySQL database
Connected to MySQL database
Connected to MySQL database
Connected to MySQL database
Connected to MySQL database
Connected to MySQL database
Connected to MySQL database
Connected to MySQL database
Connected to MySQL database
Connected to MySQL database
Connected to MySQL database
Connected to MySQL database
Connected to MySQL database
Connected to MySQL database
Connected to MySQL database
Connected to MySQL database
Connected to MySQL database
Connected to MySQL database
Connected to MySQL database
Connected to MySQL database
Connected to MySQL database
Connected to MySQL database
Connected to MySQL database
Connected to MySQL database
Connected to MySQL database
Connected to MySQL database
Connected to MySQL database
Connected to MySQL database
Connected to MySQL database
Connected to MySQL database
Connected to MySQL database
Connected to MySQL database
Connected to MySQL database
Connected to MySQL database
Connected to MySQL database
Connected to MySQL database
Connected to MySQL database
Connected to MySQL database
Connected to MySQL database
Connected to MySQL database
Connected to MySQL database
Connected to MySQL database
Connected to MySQL database
Connected to MySQL database
Connected to MySQL database
Connected to MySQL database
Connected to MySQL database
Connected to MySQL database
Connected to MySQL database
Connected to MySQL database
Connected to MySQL database
Connected to MySQL database
Connected to MySQL database
Connected to MySQL database
Connected to MySQL database
Connected to MySQL database
Connected to MySQL database
Connected to MySQL database
Connected to MySQL database
Connected to MySQL database
Connected to MySQL database
Connected to MySQL database
Connected to MySQL database
Connected to MySQL database
Connected to MySQL database
Connected to MySQL database
Connected to MySQL database
Connected to MySQL database
Connected to MySQL database
Connected to MySQL database
Connected to MySQL database
Connected to MySQL database
Connected to MySQL database
Connected to MySQL database
Connected to MySQL database
Connected to MySQL database
Connected to MySQL database
Connected to MySQL database
Connected to MySQL database
Connected to MySQL database
Connected to MySQL database
Connected to MySQL database
Connected to MySQL database
Connected to MySQL database
Connected to MySQL database
Connected to MySQL database
Connected to MySQL database
Connected to MySQL database
Connected to MySQL database
Connected to MySQL database
Connected to MySQL database
Connected to MySQL database
Connected to MySQL database
Connected to MySQL database
Processing file: Sensor10.csv with sensorid: Sensor10
Moved Sensor10.csv to /home/uhi/archived_data/Sensor10_1721598941.csv
Connected to MySQL database
Connected to MySQL database
Connected to MySQL database
Connected to MySQL database
Connected to MySQL database
Connected to MySQL database
Connected to MySQL database
Connected to MySQL database
Connected to MySQL database
Connected to MySQL database
Processing file: Sensor9.csv with sensorid: Sensor9
Moved Sensor9.csv to /home/uhi/archived_data/Sensor9_1721601941.csv
Connected to MySQL database
Processing file: Sensor27.csv with sensorid: Sensor27
Moved Sensor27.csv to /home/uhi/archived_data/Sensor27_1721602243.csv
Processing file: Sensor21.csv with sensorid: Sensor21
Moved Sensor21.csv to /home/uhi/archived_data/Sensor21_1721602243.csv
Connected to MySQL database
Connected to MySQL database
Connected to MySQL database
Connected to MySQL database
Connected to MySQL database
Connected to MySQL database
Connected to MySQL database
Connected to MySQL database
Connected to MySQL database
Connected to MySQL database
Connected to MySQL database
Connected to MySQL database
Connected to MySQL database
Connected to MySQL database
Connected to MySQL database
Connected to MySQL database
Connected to MySQL database
Connected to MySQL database
Connected to MySQL database
Connected to MySQL database
Connected to MySQL database
Connected to MySQL database
Connected to MySQL database
Connected to MySQL database
Connected to MySQL database
Connected to MySQL database
Connected to MySQL database
Connected to MySQL database
Connected to MySQL database
Connected to MySQL database
Connected to MySQL database
Connected to MySQL database
Connected to MySQL database
Connected to MySQL database
Connected to MySQL database
Connected to MySQL database
Connected to MySQL database
Connected to MySQL database
Connected to MySQL database
Connected to MySQL database
Connected to MySQL database
Connected to MySQL database
Connected to MySQL database
Connected to MySQL database
Connected to MySQL database
Connected to MySQL database
Connected to MySQL database
Connected to MySQL database
Connected to MySQL database
Connected to MySQL database
Connected to MySQL database
Connected to MySQL database
Connected to MySQL database
Connected to MySQL database
Connected to MySQL database
Connected to MySQL database
Connected to MySQL database
Connected to MySQL database
Connected to MySQL database
Connected to MySQL database
Connected to MySQL database
Connected to MySQL database
Connected to MySQL database
Connected to MySQL database
Connected to MySQL database
Connected to MySQL database
Connected to MySQL database
Connected to MySQL database
Connected to MySQL database
Connected to MySQL database
Connected to MySQL database
Connected to MySQL database
Connected to MySQL database
Connected to MySQL database
Connected to MySQL database
Connected to MySQL database
Connected to MySQL database
Connected to MySQL database
Connected to MySQL database
Connected to MySQL database
Connected to MySQL database
Connected to MySQL database
Connected to MySQL database
Connected to MySQL database
Connected to MySQL database
Connected to MySQL database
Connected to MySQL database
Connected to MySQL database
Connected to MySQL database
Connected to MySQL database
Connected to MySQL database
Connected to MySQL database
Connected to MySQL database
Connected to MySQL database
Connected to MySQL database
Connected to MySQL database
Connected to MySQL database
Connected to MySQL database
Connected to MySQL database
Connected to MySQL database
Processing file: Sensor3.csv with sensorid: Sensor3
Moved Sensor3.csv to /home/uhi/archived_data/Sensor3_1721632249.csv
Connected to MySQL database
Connected to MySQL database
Connected to MySQL database
Connected to MySQL database
Connected to MySQL database
Connected to MySQL database
Connected to MySQL database
Connected to MySQL database
Connected to MySQL database
Connected to MySQL database
Connected to MySQL database
Connected to MySQL database
Connected to MySQL database
Connected to MySQL database
Connected to MySQL database
Connected to MySQL database
Connected to MySQL database
Connected to MySQL database
Connected to MySQL database
Connected to MySQL database
Connected to MySQL database
Connected to MySQL database
Connected to MySQL database
Connected to MySQL database
Connected to MySQL database
Connected to MySQL database
Connected to MySQL database
Connected to MySQL database
Connected to MySQL database
Connected to MySQL database
Connected to MySQL database
Connected to MySQL database
Connected to MySQL database
Connected to MySQL database
Connected to MySQL database
Connected to MySQL database
Connected to MySQL database
Connected to MySQL database
Connected to MySQL database
Connected to MySQL database
Connected to MySQL database
Connected to MySQL database
Connected to MySQL database
Connected to MySQL database
Connected to MySQL database
Connected to MySQL database
Connected to MySQL database
Connected to MySQL database
Connected to MySQL database
Connected to MySQL database
Connected to MySQL database
Connected to MySQL database
Connected to MySQL database
Connected to MySQL database
Connected to MySQL database
Connected to MySQL database
Connected to MySQL database
Connected to MySQL database
Connected to MySQL database
Connected to MySQL database
Connected to MySQL database
Connected to MySQL database
Connected to MySQL database
Connected to MySQL database
Connected to MySQL database
Connected to MySQL database
Connected to MySQL database
Connected to MySQL database
Connected to MySQL database
Connected to MySQL database
Connected to MySQL database
Connected to MySQL database
Connected to MySQL database
Connected to MySQL database
Connected to MySQL database
Connected to MySQL database
Connected to MySQL database
Connected to MySQL database
Connected to MySQL database
Connected to MySQL database
Connected to MySQL database
Connected to MySQL database
Connected to MySQL database
Connected to MySQL database
Connected to MySQL database
Connected to MySQL database
Connected to MySQL database
Connected to MySQL database
Connected to MySQL database
Connected to MySQL database
Connected to MySQL database
Connected to MySQL database
Connected to MySQL database
Connected to MySQL database
Connected to MySQL database
Connected to MySQL database
Connected to MySQL database
Connected to MySQL database
Connected to MySQL database
Connected to MySQL database
Connected to MySQL database
Connected to MySQL database
Connected to MySQL database
Connected to MySQL database
Connected to MySQL database
Connected to MySQL database
Connected to MySQL database
Connected to MySQL database
Connected to MySQL database
Connected to MySQL database
Connected to MySQL database
Connected to MySQL database
Connected to MySQL database
Connected to MySQL database
Connected to MySQL database
Connected to MySQL database
Connected to MySQL database
Connected to MySQL database
Connected to MySQL database
Processing file: Sensor21.csv with sensorid: Sensor21
Moved Sensor21.csv to /home/uhi/archived_data/Sensor21_1721667941.csv
Processing file: Sensor9.csv with sensorid: Sensor9
Moved Sensor9.csv to /home/uhi/archived_data/Sensor9_1721667941.csv
Connected to MySQL database
Connected to MySQL database
Connected to MySQL database
Connected to MySQL database
Connected to MySQL database
Connected to MySQL database
Connected to MySQL database
Connected to MySQL database
Connected to MySQL database
Connected to MySQL database
Connected to MySQL database
Connected to MySQL database
Connected to MySQL database
Connected to MySQL database
Connected to MySQL database
Connected to MySQL database
Connected to MySQL database
Connected to MySQL database
Connected to MySQL database
Connected to MySQL database
Processing file: Sensor10.csv with sensorid: Sensor10
Moved Sensor10.csv to /home/uhi/archived_data/Sensor10_1721673941.csv
Connected to MySQL database
Connected to MySQL database
Connected to MySQL database
Connected to MySQL database
Processing file: Sensor22.csv with sensorid: Sensor22
Line missing data in Sensor22.csv --> length: 2
Line missing data in Sensor22.csv --> length: 2
Line missing data in Sensor22.csv --> length: 2
Line missing data in Sensor22.csv --> length: 2
Line missing data in Sensor22.csv --> length: 2
Line missing data in Sensor22.csv --> length: 2
Line missing data in Sensor22.csv --> length: 2
Line missing data in Sensor22.csv --> length: 2
Line missing data in Sensor22.csv --> length: 2
Line missing data in Sensor22.csv --> length: 2
Line missing data in Sensor22.csv --> length: 2
Line missing data in Sensor22.csv --> length: 2
Line missing data in Sensor22.csv --> length: 2
Line missing data in Sensor22.csv --> length: 2
Line missing data in Sensor22.csv --> length: 2
Line missing data in Sensor22.csv --> length: 2
Line missing data in Sensor22.csv --> length: 2
Line missing data in Sensor22.csv --> length: 2
Line missing data in Sensor22.csv --> length: 2
Line missing data in Sensor22.csv --> length: 2
Line missing data in Sensor22.csv --> length: 2
Line missing data in Sensor22.csv --> length: 2
Line missing data in Sensor22.csv --> length: 2
Line missing data in Sensor22.csv --> length: 2
Line missing data in Sensor22.csv --> length: 2
Line missing data in Sensor22.csv --> length: 2
Line missing data in Sensor22.csv --> length: 2
Line missing data in Sensor22.csv --> length: 2
Line missing data in Sensor22.csv --> length: 2
Line missing data in Sensor22.csv --> length: 2
Line missing data in Sensor22.csv --> length: 2
Line missing data in Sensor22.csv --> length: 2
Line missing data in Sensor22.csv --> length: 2
Line missing data in Sensor22.csv --> length: 2
Line missing data in Sensor22.csv --> length: 2
Line missing data in Sensor22.csv --> length: 2
Line missing data in Sensor22.csv --> length: 2
Line missing data in Sensor22.csv --> length: 2
Line missing data in Sensor22.csv --> length: 2
Line missing data in Sensor22.csv --> length: 2
Line missing data in Sensor22.csv --> length: 2
Line missing data in Sensor22.csv --> length: 2
Line missing data in Sensor22.csv --> length: 2
Line missing data in Sensor22.csv --> length: 2
Line missing data in Sensor22.csv --> length: 2
Line missing data in Sensor22.csv --> length: 2
Line missing data in Sensor22.csv --> length: 2
Line missing data in Sensor22.csv --> length: 2
Line missing data in Sensor22.csv --> length: 2
Line missing data in Sensor22.csv --> length: 2
Line missing data in Sensor22.csv --> length: 2
Line missing data in Sensor22.csv --> length: 2
Line missing data in Sensor22.csv --> length: 2
Line missing data in Sensor22.csv --> length: 2
Line missing data in Sensor22.csv --> length: 2
Line missing data in Sensor22.csv --> length: 2
Line missing data in Sensor22.csv --> length: 2
Line missing data in Sensor22.csv --> length: 2
Line missing data in Sensor22.csv --> length: 2
Line missing data in Sensor22.csv --> length: 2
Line missing data in Sensor22.csv --> length: 2
Line missing data in Sensor22.csv --> length: 2
Line missing data in Sensor22.csv --> length: 2
Line missing data in Sensor22.csv --> length: 2
Line missing data in Sensor22.csv --> length: 2
Line missing data in Sensor22.csv --> length: 2
Line missing data in Sensor22.csv --> length: 2
Line missing data in Sensor22.csv --> length: 2
Line missing data in Sensor22.csv --> length: 2
Line missing data in Sensor22.csv --> length: 2
Line missing data in Sensor22.csv --> length: 2
Line missing data in Sensor22.csv --> length: 2
Line missing data in Sensor22.csv --> length: 2
Line missing data in Sensor22.csv --> length: 2
Line missing data in Sensor22.csv --> length: 2
Line missing data in Sensor22.csv --> length: 2
Line missing data in Sensor22.csv --> length: 2
Line missing data in Sensor22.csv --> length: 2
Line missing data in Sensor22.csv --> length: 2
Line missing data in Sensor22.csv --> length: 2
Line missing data in Sensor22.csv --> length: 2
Line missing data in Sensor22.csv --> length: 2
Line missing data in Sensor22.csv --> length: 2
Line missing data in Sensor22.csv --> length: 2
Line missing data in Sensor22.csv --> length: 2
Line missing data in Sensor22.csv --> length: 2
Line missing data in Sensor22.csv --> length: 2
Line missing data in Sensor22.csv --> length: 2
Line missing data in Sensor22.csv --> length: 2
Line missing data in Sensor22.csv --> length: 2
Line missing data in Sensor22.csv --> length: 2
Line missing data in Sensor22.csv --> length: 2
Line missing data in Sensor22.csv --> length: 2
Line missing data in Sensor22.csv --> length: 2
Line missing data in Sensor22.csv --> length: 2
Line missing data in Sensor22.csv --> length: 2
Line missing data in Sensor22.csv --> length: 2
Line missing data in Sensor22.csv --> length: 2
Line missing data in Sensor22.csv --> length: 2
Line missing data in Sensor22.csv --> length: 2
Line missing data in Sensor22.csv --> length: 2
Line missing data in Sensor22.csv --> length: 2
Line missing data in Sensor22.csv --> length: 2
Line missing data in Sensor22.csv --> length: 2
Line missing data in Sensor22.csv --> length: 2
Line missing data in Sensor22.csv --> length: 2
Line missing data in Sensor22.csv --> length: 2
Line missing data in Sensor22.csv --> length: 2
Line missing data in Sensor22.csv --> length: 2
Line missing data in Sensor22.csv --> length: 2
Line missing data in Sensor22.csv --> length: 2
Line missing data in Sensor22.csv --> length: 2
Line missing data in Sensor22.csv --> length: 2
Line missing data in Sensor22.csv --> length: 2
Line missing data in Sensor22.csv --> length: 2
Line missing data in Sensor22.csv --> length: 2
Line missing data in Sensor22.csv --> length: 2
Line missing data in Sensor22.csv --> length: 2
Line missing data in Sensor22.csv --> length: 2
Line missing data in Sensor22.csv --> length: 2
Line missing data in Sensor22.csv --> length: 2
Line missing data in Sensor22.csv --> length: 2
Line missing data in Sensor22.csv --> length: 2
Line missing data in Sensor22.csv --> length: 2
Line missing data in Sensor22.csv --> length: 2
Line missing data in Sensor22.csv --> length: 2
Line missing data in Sensor22.csv --> length: 2
Line missing data in Sensor22.csv --> length: 2
Line missing data in Sensor22.csv --> length: 2
Line missing data in Sensor22.csv --> length: 2
Line missing data in Sensor22.csv --> length: 2
Line missing data in Sensor22.csv --> length: 2
Line missing data in Sensor22.csv --> length: 2
Line missing data in Sensor22.csv --> length: 2
Line missing data in Sensor22.csv --> length: 2
Line missing data in Sensor22.csv --> length: 2
Line missing data in Sensor22.csv --> length: 2
Line missing data in Sensor22.csv --> length: 2
Line missing data in Sensor22.csv --> length: 2
Line missing data in Sensor22.csv --> length: 2
Line missing data in Sensor22.csv --> length: 2
Line missing data in Sensor22.csv --> length: 2
Line missing data in Sensor22.csv --> length: 2
Line missing data in Sensor22.csv --> length: 2
Line missing data in Sensor22.csv --> length: 2
Line missing data in Sensor22.csv --> length: 2
Line missing data in Sensor22.csv --> length: 2
Line missing data in Sensor22.csv --> length: 2
Line missing data in Sensor22.csv --> length: 2
Line missing data in Sensor22.csv --> length: 2
Line missing data in Sensor22.csv --> length: 2
Line missing data in Sensor22.csv --> length: 2
Line missing data in Sensor22.csv --> length: 2
Line missing data in Sensor22.csv --> length: 2
Line missing data in Sensor22.csv --> length: 2
Line missing data in Sensor22.csv --> length: 2
Line missing data in Sensor22.csv --> length: 2
Line missing data in Sensor22.csv --> length: 2
Line missing data in Sensor22.csv --> length: 2
Line missing data in Sensor22.csv --> length: 2
Line missing data in Sensor22.csv --> length: 2
Line missing data in Sensor22.csv --> length: 2
Line missing data in Sensor22.csv --> length: 2
Line missing data in Sensor22.csv --> length: 2
Line missing data in Sensor22.csv --> length: 2
Line missing data in Sensor22.csv --> length: 2
Line missing data in Sensor22.csv --> length: 2
Line missing data in Sensor22.csv --> length: 2
Moved Sensor22.csv to /home/uhi/archived_data/Sensor22_1721675141.csv
Connected to MySQL database
Connected to MySQL database
Connected to MySQL database
Connected to MySQL database
Connected to MySQL database
Connected to MySQL database
Connected to MySQL database
Connected to MySQL database
Connected to MySQL database
Connected to MySQL database
Connected to MySQL database
Connected to MySQL database
Connected to MySQL database
Connected to MySQL database
Connected to MySQL database
Processing file: Sensor27.csv with sensorid: Sensor27
Moved Sensor27.csv to /home/uhi/archived_data/Sensor27_1721679642.csv
Connected to MySQL database
Processing file: Sensor9.csv with sensorid: Sensor9
Moved Sensor9.csv to /home/uhi/archived_data/Sensor9_1721679941.csv
Connected to MySQL database
Connected to MySQL database
Connected to MySQL database
Connected to MySQL database
Connected to MySQL database
Connected to MySQL database
Connected to MySQL database
Connected to MySQL database
Connected to MySQL database
Connected to MySQL database
Connected to MySQL database
Connected to MySQL database
Connected to MySQL database
Connected to MySQL database
Connected to MySQL database
Connected to MySQL database
Connected to MySQL database
Connected to MySQL database
Connected to MySQL database
Connected to MySQL database
Connected to MySQL database
Connected to MySQL database
Connected to MySQL database
Connected to MySQL database
Connected to MySQL database
Connected to MySQL database
Connected to MySQL database
Connected to MySQL database
Connected to MySQL database
Connected to MySQL database
Connected to MySQL database
Connected to MySQL database
Connected to MySQL database
Connected to MySQL database
Connected to MySQL database
Connected to MySQL database
Connected to MySQL database
Connected to MySQL database
Connected to MySQL database
Connected to MySQL database
Connected to MySQL database
Connected to MySQL database
Connected to MySQL database
Connected to MySQL database
Connected to MySQL database
Connected to MySQL database
Connected to MySQL database
Connected to MySQL database
Connected to MySQL database
Connected to MySQL database
Connected to MySQL database
Connected to MySQL database
Connected to MySQL database
Connected to MySQL database
Connected to MySQL database
Connected to MySQL database
Connected to MySQL database
Connected to MySQL database
Connected to MySQL database
Connected to MySQL database
Connected to MySQL database
Connected to MySQL database
Connected to MySQL database
Connected to MySQL database
Connected to MySQL database
Connected to MySQL database
Connected to MySQL database
Connected to MySQL database
Connected to MySQL database
Connected to MySQL database
Connected to MySQL database
Connected to MySQL database
Connected to MySQL database
Connected to MySQL database
Connected to MySQL database
Connected to MySQL database
Connected to MySQL database
Connected to MySQL database
Connected to MySQL database
Connected to MySQL database
Connected to MySQL database
Connected to MySQL database
Connected to MySQL database
Connected to MySQL database
Connected to MySQL database
Connected to MySQL database
Connected to MySQL database
Connected to MySQL database
Connected to MySQL database
Connected to MySQL database
Connected to MySQL database
Connected to MySQL database
Connected to MySQL database
Connected to MySQL database
Connected to MySQL database
Connected to MySQL database
Connected to MySQL database
Connected to MySQL database
Connected to MySQL database
Connected to MySQL database
Connected to MySQL database
Connected to MySQL database
Connected to MySQL database
Connected to MySQL database
Connected to MySQL database
Connected to MySQL database
Connected to MySQL database
Connected to MySQL database
Connected to MySQL database
Connected to MySQL database
Connected to MySQL database
Connected to MySQL database
Connected to MySQL database
Connected to MySQL database
Connected to MySQL database
Connected to MySQL database
Connected to MySQL database
Connected to MySQL database
Connected to MySQL database
Connected to MySQL database
Connected to MySQL database
Connected to MySQL database
Connected to MySQL database
Connected to MySQL database
Connected to MySQL database
Connected to MySQL database
Connected to MySQL database
Connected to MySQL database
Connected to MySQL database
Connected to MySQL database
Connected to MySQL database
Connected to MySQL database
Connected to MySQL database
Connected to MySQL database
Connected to MySQL database
Connected to MySQL database
Connected to MySQL database
Connected to MySQL database
Connected to MySQL database
Connected to MySQL database
Connected to MySQL database
Connected to MySQL database
Connected to MySQL database
Connected to MySQL database
Connected to MySQL database
Connected to MySQL database
Connected to MySQL database
Connected to MySQL database
Connected to MySQL database
Connected to MySQL database
Connected to MySQL database
Connected to MySQL database
Connected to MySQL database
Connected to MySQL database
Connected to MySQL database
Connected to MySQL database
Connected to MySQL database
Connected to MySQL database
Connected to MySQL database
Connected to MySQL database
Connected to MySQL database
Connected to MySQL database
Connected to MySQL database
Connected to MySQL database
Connected to MySQL database
Connected to MySQL database
Connected to MySQL database
Connected to MySQL database
Connected to MySQL database
Connected to MySQL database
Connected to MySQL database
Connected to MySQL database
Connected to MySQL database
Connected to MySQL database
Connected to MySQL database
Connected to MySQL database
Connected to MySQL database
Connected to MySQL database
Connected to MySQL database
Connected to MySQL database
Connected to MySQL database
Connected to MySQL database
Connected to MySQL database
Connected to MySQL database
Connected to MySQL database
Connected to MySQL database
Connected to MySQL database
Connected to MySQL database
Connected to MySQL database
Connected to MySQL database
Connected to MySQL database
Connected to MySQL database
Connected to MySQL database
Connected to MySQL database
Connected to MySQL database
Connected to MySQL database
Connected to MySQL database
Connected to MySQL database
Connected to MySQL database
Connected to MySQL database
Connected to MySQL database
Connected to MySQL database
Connected to MySQL database
Connected to MySQL database
Connected to MySQL database
Connected to MySQL database
Connected to MySQL database
Connected to MySQL database
Connected to MySQL database
Connected to MySQL database
Connected to MySQL database
Processing file: Sensor9.csv with sensorid: Sensor9
Moved Sensor9.csv to /home/uhi/archived_data/Sensor9_1721743241.csv
Connected to MySQL database
Connected to MySQL database
Connected to MySQL database
Connected to MySQL database
Connected to MySQL database
Connected to MySQL database
Connected to MySQL database
Connected to MySQL database
Connected to MySQL database
Connected to MySQL database
Processing file: Sensor3.csv with sensorid: Sensor3
Moved Sensor3.csv to /home/uhi/archived_data/Sensor3_1721746250.csv
Connected to MySQL database
Connected to MySQL database
Connected to MySQL database
Connected to MySQL database
Connected to MySQL database
Connected to MySQL database
Connected to MySQL database
Connected to MySQL database
Connected to MySQL database
Connected to MySQL database
Connected to MySQL database
Connected to MySQL database
Connected to MySQL database
Connected to MySQL database
Connected to MySQL database
Connected to MySQL database
Connected to MySQL database
Connected to MySQL database
Connected to MySQL database
Connected to MySQL database
Connected to MySQL database
Connected to MySQL database
Connected to MySQL database
Connected to MySQL database
Connected to MySQL database
Connected to MySQL database
Connected to MySQL database
Connected to MySQL database
Connected to MySQL database
Connected to MySQL database
Connected to MySQL database
Connected to MySQL database
Connected to MySQL database
Connected to MySQL database
Connected to MySQL database
Connected to MySQL database
Connected to MySQL database
Connected to MySQL database
Connected to MySQL database
Connected to MySQL database
Connected to MySQL database
Connected to MySQL database
Connected to MySQL database
Connected to MySQL database
Connected to MySQL database
Connected to MySQL database
Connected to MySQL database
Connected to MySQL database
Connected to MySQL database
Connected to MySQL database
Connected to MySQL database
Connected to MySQL database
Connected to MySQL database
Processing file: Sensor9.csv with sensorid: Sensor9
Moved Sensor9.csv to /home/uhi/archived_data/Sensor9_1721762141.csv
Processing file: Sensor25.csv with sensorid: Sensor25
Moved Sensor25.csv to /home/uhi/archived_data/Sensor25_1721762141.csv
Processing file: Sensor8.csv with sensorid: Sensor8
Moved Sensor8.csv to /home/uhi/archived_data/Sensor8_1721762142.csv
Connected to MySQL database
Connected to MySQL database
Connected to MySQL database
Connected to MySQL database
Connected to MySQL database
Connected to MySQL database
Connected to MySQL database
Connected to MySQL database
Connected to MySQL database
Connected to MySQL database
Connected to MySQL database
Connected to MySQL database
Connected to MySQL database
Connected to MySQL database
Connected to MySQL database
Connected to MySQL database
Connected to MySQL database
Connected to MySQL database
Connected to MySQL database
Connected to MySQL database
Connected to MySQL database
Connected to MySQL database
Connected to MySQL database
Connected to MySQL database
Connected to MySQL database
Connected to MySQL database
Connected to MySQL database
Connected to MySQL database
Processing file: Sensor22.csv with sensorid: Sensor22
Moved Sensor22.csv to /home/uhi/archived_data/Sensor22_1721770541.csv
Connected to MySQL database
Connected to MySQL database
Connected to MySQL database
Connected to MySQL database
Connected to MySQL database
Connected to MySQL database
Connected to MySQL database
Connected to MySQL database
Connected to MySQL database
Connected to MySQL database
Connected to MySQL database
Processing file: Sensor9.csv with sensorid: Sensor9
Moved Sensor9.csv to /home/uhi/archived_data/Sensor9_1721773842.csv
Connected to MySQL database
Processing file: Sensor27.csv with sensorid: Sensor27
Moved Sensor27.csv to /home/uhi/archived_data/Sensor27_1721774142.csv
Connected to MySQL database
Connected to MySQL database
Connected to MySQL database
Connected to MySQL database
Connected to MySQL database
Connected to MySQL database
Processing file: Sensor21.csv with sensorid: Sensor21
Moved Sensor21.csv to /home/uhi/archived_data/Sensor21_1721775941.csv
Connected to MySQL database
Processing file: Sensor27.csv with sensorid: Sensor27
Moved Sensor27.csv to /home/uhi/archived_data/Sensor27_1721776241.csv
Connected to MySQL database
Connected to MySQL database
Connected to MySQL database
Connected to MySQL database
Connected to MySQL database
Connected to MySQL database
Connected to MySQL database
Connected to MySQL database
Connected to MySQL database
Connected to MySQL database
Connected to MySQL database
Connected to MySQL database
Connected to MySQL database
Connected to MySQL database
Connected to MySQL database
Connected to MySQL database
Connected to MySQL database
Connected to MySQL database
Connected to MySQL database
Connected to MySQL database
Connected to MySQL database
Connected to MySQL database
Connected to MySQL database
Connected to MySQL database
Connected to MySQL database
Connected to MySQL database
Connected to MySQL database
Connected to MySQL database
Connected to MySQL database
Connected to MySQL database
Connected to MySQL database
Connected to MySQL database
Connected to MySQL database
Connected to MySQL database
Connected to MySQL database
Connected to MySQL database
Connected to MySQL database
Connected to MySQL database
Connected to MySQL database
Connected to MySQL database
Connected to MySQL database
Connected to MySQL database
Connected to MySQL database
Connected to MySQL database
Connected to MySQL database
Connected to MySQL database
Connected to MySQL database
Connected to MySQL database
Connected to MySQL database
Connected to MySQL database
Connected to MySQL database
Connected to MySQL database
Connected to MySQL database
Processing file: Sensor9.csv with sensorid: Sensor9
Moved Sensor9.csv to /home/uhi/archived_data/Sensor9_1721792141.csv
Connected to MySQL database
Connected to MySQL database
Connected to MySQL database
Connected to MySQL database
Connected to MySQL database
Connected to MySQL database
Connected to MySQL database
Connected to MySQL database
Connected to MySQL database
Connected to MySQL database
Connected to MySQL database
Connected to MySQL database
Connected to MySQL database
Connected to MySQL database
Connected to MySQL database
Connected to MySQL database
Connected to MySQL database
Connected to MySQL database
Connected to MySQL database
Connected to MySQL database
Connected to MySQL database
Connected to MySQL database
Connected to MySQL database
Connected to MySQL database
Connected to MySQL database
Connected to MySQL database
Connected to MySQL database
Connected to MySQL database
Connected to MySQL database
Connected to MySQL database
Connected to MySQL database
Connected to MySQL database
Connected to MySQL database
Connected to MySQL database
Connected to MySQL database
Connected to MySQL database
Connected to MySQL database
Connected to MySQL database
Connected to MySQL database
Connected to MySQL database
Connected to MySQL database
Connected to MySQL database
Connected to MySQL database
Connected to MySQL database
Connected to MySQL database
Connected to MySQL database
Connected to MySQL database
Connected to MySQL database
Connected to MySQL database
Connected to MySQL database
Connected to MySQL database
Connected to MySQL database
Connected to MySQL database
Connected to MySQL database
Connected to MySQL database
Connected to MySQL database
Connected to MySQL database
Connected to MySQL database
Connected to MySQL database
Connected to MySQL database
Connected to MySQL database
Connected to MySQL database
Connected to MySQL database
Connected to MySQL database
Connected to MySQL database
Connected to MySQL database
Connected to MySQL database
Connected to MySQL database
Connected to MySQL database
Connected to MySQL database
Connected to MySQL database
Connected to MySQL database
Connected to MySQL database
Connected to MySQL database
Connected to MySQL database
Connected to MySQL database
Connected to MySQL database
Connected to MySQL database
Connected to MySQL database
Connected to MySQL database
Connected to MySQL database
Connected to MySQL database
Connected to MySQL database
Connected to MySQL database
Connected to MySQL database
Connected to MySQL database
Connected to MySQL database
Connected to MySQL database
Connected to MySQL database
Connected to MySQL database
Connected to MySQL database
Connected to MySQL database
Connected to MySQL database
Connected to MySQL database
Connected to MySQL database
Connected to MySQL database
Connected to MySQL database
Connected to MySQL database
Connected to MySQL database
Connected to MySQL database
Connected to MySQL database
Connected to MySQL database
Connected to MySQL database
Connected to MySQL database
Connected to MySQL database
Connected to MySQL database
Connected to MySQL database
Connected to MySQL database
Connected to MySQL database
Connected to MySQL database
Connected to MySQL database
Connected to MySQL database
Connected to MySQL database
Connected to MySQL database
Connected to MySQL database
Connected to MySQL database
Connected to MySQL database
Connected to MySQL database
Connected to MySQL database
Connected to MySQL database
Connected to MySQL database
Connected to MySQL database
Connected to MySQL database
Connected to MySQL database
Connected to MySQL database
Connected to MySQL database
Connected to MySQL database
Connected to MySQL database
Connected to MySQL database
Connected to MySQL database
Connected to MySQL database
Connected to MySQL database
Connected to MySQL database
Connected to MySQL database
Connected to MySQL database
Connected to MySQL database
Connected to MySQL database
Connected to MySQL database
Connected to MySQL database
Connected to MySQL database
Connected to MySQL database
Connected to MySQL database
Connected to MySQL database
Connected to MySQL database
Connected to MySQL database
Connected to MySQL database
Connected to MySQL database
Connected to MySQL database
Connected to MySQL database
Connected to MySQL database
Connected to MySQL database
Connected to MySQL database
Connected to MySQL database
Connected to MySQL database
Connected to MySQL database
Connected to MySQL database
Connected to MySQL database
Connected to MySQL database
Connected to MySQL database
Connected to MySQL database
Connected to MySQL database
Connected to MySQL database
Connected to MySQL database
Connected to MySQL database
Connected to MySQL database
Connected to MySQL database
Connected to MySQL database
Connected to MySQL database
Processing file: Sensor10.csv with sensorid: Sensor10
Moved Sensor10.csv to /home/uhi/archived_data/Sensor10_1721842542.csv
Connected to MySQL database
Connected to MySQL database
Connected to MySQL database
Connected to MySQL database
Connected to MySQL database
Connected to MySQL database
Connected to MySQL database
Connected to MySQL database
Connected to MySQL database
Connected to MySQL database
Connected to MySQL database
Connected to MySQL database
Connected to MySQL database
Connected to MySQL database
Connected to MySQL database
Connected to MySQL database
Connected to MySQL database
Connected to MySQL database
Connected to MySQL database
Connected to MySQL database
Connected to MySQL database
Connected to MySQL database
Connected to MySQL database
Connected to MySQL database
Connected to MySQL database
Connected to MySQL database
Connected to MySQL database
Connected to MySQL database
Connected to MySQL database
Connected to MySQL database
Connected to MySQL database
Connected to MySQL database
Connected to MySQL database
Connected to MySQL database
Connected to MySQL database
Connected to MySQL database
Connected to MySQL database
Connected to MySQL database
Connected to MySQL database
Connected to MySQL database
Connected to MySQL database
Connected to MySQL database
Connected to MySQL database
Connected to MySQL database
Connected to MySQL database
Connected to MySQL database
Connected to MySQL database
Connected to MySQL database
Connected to MySQL database
Connected to MySQL database
Connected to MySQL database
Connected to MySQL database
Connected to MySQL database
Connected to MySQL database
Connected to MySQL database
Connected to MySQL database
Connected to MySQL database
Connected to MySQL database
Connected to MySQL database
Connected to MySQL database
Connected to MySQL database
Connected to MySQL database
Connected to MySQL database
Connected to MySQL database
Connected to MySQL database
Connected to MySQL database
Connected to MySQL database
Connected to MySQL database
Connected to MySQL database
Connected to MySQL database
Connected to MySQL database
Connected to MySQL database
Connected to MySQL database
Connected to MySQL database
Connected to MySQL database
Connected to MySQL database
Connected to MySQL database
Connected to MySQL database
Connected to MySQL database
Connected to MySQL database
Connected to MySQL database
Connected to MySQL database
Connected to MySQL database
Connected to MySQL database
Connected to MySQL database
Connected to MySQL database
Connected to MySQL database
Connected to MySQL database
Connected to MySQL database
Connected to MySQL database
Connected to MySQL database
Connected to MySQL database
Connected to MySQL database
Connected to MySQL database
Connected to MySQL database
Connected to MySQL database
Connected to MySQL database
Connected to MySQL database
Connected to MySQL database
Connected to MySQL database
Connected to MySQL database
Connected to MySQL database
Connected to MySQL database
Connected to MySQL database
Connected to MySQL database
Connected to MySQL database
Connected to MySQL database
Connected to MySQL database
Connected to MySQL database
Connected to MySQL database
Connected to MySQL database
Connected to MySQL database
Connected to MySQL database
Connected to MySQL database
Connected to MySQL database
Connected to MySQL database
Connected to MySQL database
Connected to MySQL database
Connected to MySQL database
Connected to MySQL database
Connected to MySQL database
Connected to MySQL database
Connected to MySQL database
Connected to MySQL database
Connected to MySQL database
Connected to MySQL database
Connected to MySQL database
Connected to MySQL database
Connected to MySQL database
Connected to MySQL database
Connected to MySQL database
Connected to MySQL database
Connected to MySQL database
Connected to MySQL database
Connected to MySQL database
Connected to MySQL database
Connected to MySQL database
Connected to MySQL database
Connected to MySQL database
Connected to MySQL database
Connected to MySQL database
Connected to MySQL database
Connected to MySQL database
Connected to MySQL database
Connected to MySQL database
Connected to MySQL database
Connected to MySQL database
Connected to MySQL database
Connected to MySQL database
Connected to MySQL database
Connected to MySQL database
Connected to MySQL database
Connected to MySQL database
Connected to MySQL database
Processing file: Sensor9.csv with sensorid: Sensor9
Moved Sensor9.csv to /home/uhi/archived_data/Sensor9_1721888743.csv
Connected to MySQL database
Connected to MySQL database
Connected to MySQL database
Connected to MySQL database
Connected to MySQL database
Connected to MySQL database
Connected to MySQL database
Connected to MySQL database
Connected to MySQL database
Connected to MySQL database
Connected to MySQL database
Connected to MySQL database
Connected to MySQL database
Connected to MySQL database
Connected to MySQL database
Connected to MySQL database
Connected to MySQL database
Connected to MySQL database
Connected to MySQL database
Connected to MySQL database
Connected to MySQL database
Connected to MySQL database
Connected to MySQL database
Connected to MySQL database
Connected to MySQL database
Connected to MySQL database
Connected to MySQL database
Connected to MySQL database
Connected to MySQL database
Connected to MySQL database
Connected to MySQL database
Connected to MySQL database
Connected to MySQL database
Connected to MySQL database
Connected to MySQL database
Connected to MySQL database
Connected to MySQL database
Connected to MySQL database
Connected to MySQL database
Connected to MySQL database
Connected to MySQL database
Connected to MySQL database
Connected to MySQL database
Connected to MySQL database
Connected to MySQL database
Connected to MySQL database
Connected to MySQL database
Connected to MySQL database
Connected to MySQL database
Connected to MySQL database
Connected to MySQL database
Connected to MySQL database
Connected to MySQL database
Connected to MySQL database
Connected to MySQL database
Connected to MySQL database
Connected to MySQL database
Connected to MySQL database
Connected to MySQL database
Connected to MySQL database
Connected to MySQL database
Connected to MySQL database
Connected to MySQL database
Connected to MySQL database
Connected to MySQL database
Connected to MySQL database
Connected to MySQL database
Connected to MySQL database
Connected to MySQL database
Connected to MySQL database
Connected to MySQL database
Connected to MySQL database
Connected to MySQL database
Connected to MySQL database
Connected to MySQL database
Connected to MySQL database
Connected to MySQL database
Connected to MySQL database
Connected to MySQL database
Connected to MySQL database
Connected to MySQL database
Connected to MySQL database
Connected to MySQL database
Connected to MySQL database
Connected to MySQL database
Connected to MySQL database
Connected to MySQL database
Connected to MySQL database
Connected to MySQL database
Connected to MySQL database
Connected to MySQL database
Processing file: Sensor9.csv with sensorid: Sensor9
Moved Sensor9.csv to /home/uhi/archived_data/Sensor9_1721916041.csv
Connected to MySQL database
Connected to MySQL database
Connected to MySQL database
Connected to MySQL database
Connected to MySQL database
Connected to MySQL database
Connected to MySQL database
Connected to MySQL database
Processing file: Sensor7.csv with sensorid: Sensor7
Moved Sensor7.csv to /home/uhi/archived_data/Sensor7_1721918443.csv
Connected to MySQL database
Connected to MySQL database
Connected to MySQL database
Connected to MySQL database
Connected to MySQL database
Connected to MySQL database
Connected to MySQL database
Connected to MySQL database
Connected to MySQL database
Connected to MySQL database
Connected to MySQL database
Connected to MySQL database
Connected to MySQL database
Connected to MySQL database
Connected to MySQL database
Connected to MySQL database
Connected to MySQL database
Connected to MySQL database
Connected to MySQL database
Connected to MySQL database
Connected to MySQL database
Processing file: Sensor1.csv with sensorid: Sensor1
Moved Sensor1.csv to /home/uhi/archived_data/Sensor1_1721924741.csv
Connected to MySQL database
Connected to MySQL database
Connected to MySQL database
Connected to MySQL database
Connected to MySQL database
Connected to MySQL database
Connected to MySQL database
Connected to MySQL database
Connected to MySQL database
Connected to MySQL database
Connected to MySQL database
Connected to MySQL database
Connected to MySQL database
Connected to MySQL database
Connected to MySQL database
Connected to MySQL database
Connected to MySQL database
Connected to MySQL database
Connected to MySQL database
Processing file: Sensor8.csv with sensorid: Sensor8
Moved Sensor8.csv to /home/uhi/archived_data/Sensor8_1721930442.csv
Connected to MySQL database
Connected to MySQL database
Connected to MySQL database
Connected to MySQL database
Connected to MySQL database
Processing file: Sensor27.csv with sensorid: Sensor27
Moved Sensor27.csv to /home/uhi/archived_data/Sensor27_1721931941.csv
Processing file: Sensor25.csv with sensorid: Sensor25
Moved Sensor25.csv to /home/uhi/archived_data/Sensor25_1721931941.csv
Connected to MySQL database
Connected to MySQL database
Processing file: Sensor25.csv with sensorid: Sensor25
Moved Sensor25.csv to /home/uhi/archived_data/Sensor25_1721932542.csv
Connected to MySQL database
Connected to MySQL database
Connected to MySQL database
Processing file: Sensor11.csv with sensorid: Sensor11
Moved Sensor11.csv to /home/uhi/archived_data/Sensor11_1721933450.csv
Connected to MySQL database
Connected to MySQL database
Connected to MySQL database
Connected to MySQL database
Connected to MySQL database
Connected to MySQL database
Connected to MySQL database
Connected to MySQL database
Connected to MySQL database
Connected to MySQL database
Connected to MySQL database
Connected to MySQL database
Connected to MySQL database
Connected to MySQL database
Connected to MySQL database
Connected to MySQL database
Connected to MySQL database
Connected to MySQL database
Connected to MySQL database
Connected to MySQL database
Connected to MySQL database
Connected to MySQL database
Connected to MySQL database
Connected to MySQL database
Connected to MySQL database
Connected to MySQL database
Connected to MySQL database
Connected to MySQL database
Connected to MySQL database
Connected to MySQL database
Connected to MySQL database
Connected to MySQL database
Connected to MySQL database
Connected to MySQL database
Connected to MySQL database
Connected to MySQL database
Connected to MySQL database
Connected to MySQL database
Connected to MySQL database
Connected to MySQL database
Connected to MySQL database
Connected to MySQL database
Connected to MySQL database
Connected to MySQL database
Connected to MySQL database
Connected to MySQL database
Connected to MySQL database
Connected to MySQL database
Connected to MySQL database
Connected to MySQL database
Connected to MySQL database
Connected to MySQL database
Connected to MySQL database
Connected to MySQL database
Processing file: Sensor21.csv with sensorid: Sensor21
Moved Sensor21.csv to /home/uhi/archived_data/Sensor21_1721949641.csv
Connected to MySQL database
Connected to MySQL database
Connected to MySQL database
Connected to MySQL database
Connected to MySQL database
Connected to MySQL database
Connected to MySQL database
Connected to MySQL database
Connected to MySQL database
Connected to MySQL database
Connected to MySQL database
Connected to MySQL database
Connected to MySQL database
Connected to MySQL database
Connected to MySQL database
Connected to MySQL database
Connected to MySQL database
Connected to MySQL database
Connected to MySQL database
Connected to MySQL database
Connected to MySQL database
Connected to MySQL database
Connected to MySQL database
Connected to MySQL database
Connected to MySQL database
Connected to MySQL database
Connected to MySQL database
Connected to MySQL database
Connected to MySQL database
Connected to MySQL database
Connected to MySQL database
Connected to MySQL database
Connected to MySQL database
Connected to MySQL database
Connected to MySQL database
Connected to MySQL database
Connected to MySQL database
Connected to MySQL database
Connected to MySQL database
Connected to MySQL database
Connected to MySQL database
Connected to MySQL database
Connected to MySQL database
Connected to MySQL database
Connected to MySQL database
Connected to MySQL database
Connected to MySQL database
Connected to MySQL database
Connected to MySQL database
Connected to MySQL database
Connected to MySQL database
Connected to MySQL database
Connected to MySQL database
Connected to MySQL database
Connected to MySQL database
Connected to MySQL database
Connected to MySQL database
Connected to MySQL database
Connected to MySQL database
Connected to MySQL database
Connected to MySQL database
Connected to MySQL database
Connected to MySQL database
Connected to MySQL database
Connected to MySQL database
Connected to MySQL database
Connected to MySQL database
Connected to MySQL database
Connected to MySQL database
Connected to MySQL database
Connected to MySQL database
Connected to MySQL database
Connected to MySQL database
Connected to MySQL database
Connected to MySQL database
Connected to MySQL database
Connected to MySQL database
Connected to MySQL database
Processing file: Sensor9.csv with sensorid: Sensor9
Moved Sensor9.csv to /home/uhi/archived_data/Sensor9_1721973042.csv
Connected to MySQL database
Connected to MySQL database
Connected to MySQL database
Connected to MySQL database
Connected to MySQL database
Connected to MySQL database
Connected to MySQL database
Connected to MySQL database
Connected to MySQL database
Connected to MySQL database
Connected to MySQL database
Connected to MySQL database
Connected to MySQL database
Connected to MySQL database
Connected to MySQL database
Connected to MySQL database
Connected to MySQL database
Connected to MySQL database
Connected to MySQL database
Connected to MySQL database
Connected to MySQL database
Connected to MySQL database
Connected to MySQL database
Connected to MySQL database
Connected to MySQL database
Connected to MySQL database
Connected to MySQL database
Connected to MySQL database
Connected to MySQL database
Connected to MySQL database
Connected to MySQL database
Connected to MySQL database
Connected to MySQL database
Connected to MySQL database
Connected to MySQL database
Connected to MySQL database
Connected to MySQL database
Connected to MySQL database
Connected to MySQL database
Connected to MySQL database
Connected to MySQL database
Connected to MySQL database
Connected to MySQL database
Connected to MySQL database
Connected to MySQL database
Connected to MySQL database
Connected to MySQL database
Connected to MySQL database
Connected to MySQL database
Connected to MySQL database
Connected to MySQL database
Connected to MySQL database
Connected to MySQL database
Connected to MySQL database
Connected to MySQL database
Connected to MySQL database
Connected to MySQL database
Connected to MySQL database
Connected to MySQL database
Connected to MySQL database
Connected to MySQL database
Connected to MySQL database
Connected to MySQL database
Connected to MySQL database
Connected to MySQL database
Connected to MySQL database
Connected to MySQL database
Connected to MySQL database
Connected to MySQL database
Connected to MySQL database
Connected to MySQL database
Connected to MySQL database
Connected to MySQL database
Connected to MySQL database
Connected to MySQL database
Connected to MySQL database
Connected to MySQL database
Connected to MySQL database
Connected to MySQL database
Connected to MySQL database
Connected to MySQL database
Connected to MySQL database
Connected to MySQL database
Connected to MySQL database
Connected to MySQL database
Connected to MySQL database
Connected to MySQL database
Connected to MySQL database
Connected to MySQL database
Connected to MySQL database
Connected to MySQL database
Connected to MySQL database
Connected to MySQL database
Connected to MySQL database
Connected to MySQL database
Connected to MySQL database
Connected to MySQL database
Connected to MySQL database
Connected to MySQL database
Connected to MySQL database
Connected to MySQL database
Connected to MySQL database
Connected to MySQL database
Connected to MySQL database
Connected to MySQL database
Connected to MySQL database
Connected to MySQL database
Connected to MySQL database
Connected to MySQL database
Connected to MySQL database
Connected to MySQL database
Connected to MySQL database
Connected to MySQL database
Connected to MySQL database
Connected to MySQL database
Connected to MySQL database
Connected to MySQL database
Connected to MySQL database
Connected to MySQL database
Connected to MySQL database
Connected to MySQL database
Connected to MySQL database
Connected to MySQL database
Connected to MySQL database
Connected to MySQL database
Connected to MySQL database
Connected to MySQL database
Connected to MySQL database
Connected to MySQL database
Connected to MySQL database
Connected to MySQL database
Connected to MySQL database
Connected to MySQL database
Connected to MySQL database
Connected to MySQL database
Connected to MySQL database
Connected to MySQL database
Connected to MySQL database
Connected to MySQL database
Connected to MySQL database
Connected to MySQL database
Connected to MySQL database
Connected to MySQL database
Connected to MySQL database
Connected to MySQL database
Connected to MySQL database
Connected to MySQL database
Connected to MySQL database
Connected to MySQL database
Connected to MySQL database
Connected to MySQL database
Connected to MySQL database
Connected to MySQL database
Connected to MySQL database
Connected to MySQL database
Connected to MySQL database
Connected to MySQL database
Connected to MySQL database
Connected to MySQL database
Connected to MySQL database
Connected to MySQL database
Connected to MySQL database
Connected to MySQL database
Connected to MySQL database
Connected to MySQL database
Connected to MySQL database
Connected to MySQL database
Connected to MySQL database
Connected to MySQL database
Connected to MySQL database
Connected to MySQL database
Connected to MySQL database
Connected to MySQL database
Connected to MySQL database
Connected to MySQL database
Connected to MySQL database
Connected to MySQL database
Connected to MySQL database
Connected to MySQL database
Connected to MySQL database
Connected to MySQL database
Connected to MySQL database
Connected to MySQL database
Connected to MySQL database
Connected to MySQL database
Connected to MySQL database
Connected to MySQL database
Connected to MySQL database
Connected to MySQL database
Connected to MySQL database
Processing file: Sensor6.csv with sensorid: Sensor6
Moved Sensor6.csv to /home/uhi/archived_data/Sensor6_1722030041.csv
Processing file: Sensor10.csv with sensorid: Sensor10
Moved Sensor10.csv to /home/uhi/archived_data/Sensor10_1722030044.csv
Connected to MySQL database
Connected to MySQL database
Connected to MySQL database
Connected to MySQL database
Connected to MySQL database
Connected to MySQL database
Connected to MySQL database
Connected to MySQL database
Connected to MySQL database
Connected to MySQL database
Connected to MySQL database
Connected to MySQL database
Connected to MySQL database
Connected to MySQL database
Connected to MySQL database
Connected to MySQL database
Connected to MySQL database
Connected to MySQL database
Connected to MySQL database
Connected to MySQL database
Connected to MySQL database
Connected to MySQL database
Connected to MySQL database
Connected to MySQL database
Connected to MySQL database
Connected to MySQL database
Connected to MySQL database
Connected to MySQL database
Connected to MySQL database
Connected to MySQL database
Connected to MySQL database
Connected to MySQL database
Connected to MySQL database
Connected to MySQL database
Connected to MySQL database
Connected to MySQL database
Connected to MySQL database
Connected to MySQL database
Connected to MySQL database
Connected to MySQL database
Connected to MySQL database
Connected to MySQL database
Connected to MySQL database
Connected to MySQL database
Connected to MySQL database
Connected to MySQL database
Connected to MySQL database
Connected to MySQL database
Connected to MySQL database
Connected to MySQL database
Connected to MySQL database
Connected to MySQL database
Connected to MySQL database
Connected to MySQL database
Connected to MySQL database
Connected to MySQL database
Connected to MySQL database
Connected to MySQL database
Connected to MySQL database
Connected to MySQL database
Connected to MySQL database
Connected to MySQL database
Connected to MySQL database
Connected to MySQL database
Connected to MySQL database
Connected to MySQL database
Connected to MySQL database
Connected to MySQL database
Connected to MySQL database
Connected to MySQL database
Connected to MySQL database
Connected to MySQL database
Connected to MySQL database
Connected to MySQL database
Connected to MySQL database
Connected to MySQL database
Connected to MySQL database
Connected to MySQL database
Connected to MySQL database
Connected to MySQL database
Connected to MySQL database
Connected to MySQL database
Connected to MySQL database
Connected to MySQL database
Connected to MySQL database
Connected to MySQL database
Connected to MySQL database
Connected to MySQL database
Connected to MySQL database
Connected to MySQL database
Connected to MySQL database
Connected to MySQL database
Connected to MySQL database
Connected to MySQL database
Connected to MySQL database
Connected to MySQL database
Connected to MySQL database
Connected to MySQL database
Connected to MySQL database
Connected to MySQL database
Connected to MySQL database
Connected to MySQL database
Connected to MySQL database
Connected to MySQL database
Connected to MySQL database
Connected to MySQL database
Connected to MySQL database
Connected to MySQL database
Connected to MySQL database
Connected to MySQL database
Connected to MySQL database
Connected to MySQL database
Connected to MySQL database
Connected to MySQL database
Connected to MySQL database
Connected to MySQL database
Connected to MySQL database
Connected to MySQL database
Connected to MySQL database
Connected to MySQL database
Connected to MySQL database
Connected to MySQL database
Connected to MySQL database
Connected to MySQL database
Connected to MySQL database
Connected to MySQL database
Connected to MySQL database
Connected to MySQL database
Connected to MySQL database
Connected to MySQL database
Connected to MySQL database
Connected to MySQL database
Connected to MySQL database
Connected to MySQL database
Connected to MySQL database
Connected to MySQL database
Connected to MySQL database
Connected to MySQL database
Connected to MySQL database
Connected to MySQL database
Connected to MySQL database
Connected to MySQL database
Connected to MySQL database
Connected to MySQL database
Connected to MySQL database
Connected to MySQL database
Connected to MySQL database
Connected to MySQL database
Connected to MySQL database
Connected to MySQL database
Connected to MySQL database
Connected to MySQL database
Connected to MySQL database
Connected to MySQL database
Connected to MySQL database
Connected to MySQL database
Connected to MySQL database
Connected to MySQL database
Connected to MySQL database
Connected to MySQL database
Connected to MySQL database
Connected to MySQL database
Connected to MySQL database
Connected to MySQL database
Connected to MySQL database
Connected to MySQL database
Connected to MySQL database
Connected to MySQL database
Connected to MySQL database
Connected to MySQL database
Connected to MySQL database
Connected to MySQL database
Connected to MySQL database
Connected to MySQL database
Connected to MySQL database
Connected to MySQL database
Connected to MySQL database
Connected to MySQL database
Connected to MySQL database
Connected to MySQL database
Connected to MySQL database
Connected to MySQL database
Connected to MySQL database
Connected to MySQL database
Connected to MySQL database
Connected to MySQL database
Connected to MySQL database
Connected to MySQL database
Connected to MySQL database
Connected to MySQL database
Connected to MySQL database
Connected to MySQL database
Connected to MySQL database
Connected to MySQL database
Connected to MySQL database
Connected to MySQL database
Connected to MySQL database
Connected to MySQL database
Connected to MySQL database
Processing file: Sensor9.csv with sensorid: Sensor9
Moved Sensor9.csv to /home/uhi/archived_data/Sensor9_1722089741.csv
Connected to MySQL database
Connected to MySQL database
Connected to MySQL database
Connected to MySQL database
Connected to MySQL database
Connected to MySQL database
Connected to MySQL database
Connected to MySQL database
Connected to MySQL database
Connected to MySQL database
Connected to MySQL database
Connected to MySQL database
Connected to MySQL database
Connected to MySQL database
Connected to MySQL database
Connected to MySQL database
Connected to MySQL database
Connected to MySQL database
Connected to MySQL database
Connected to MySQL database
Connected to MySQL database
Connected to MySQL database
Connected to MySQL database
Connected to MySQL database
Connected to MySQL database
Connected to MySQL database
Connected to MySQL database
