Processing file: 1721454952.V10301I6acfM892923.ip-172-31-49-70
Saved plain text body for email 1
Saved attachment: 46f531d3-bb46-4267-9cb9-1e3db55bb704_SensorPushData.zip
Saved plain text body for email 1
Processing file: 1721516902.V10301I1389M168521.ip-172-31-49-70
Saved plain text body for email 1
Saved HTML body for email 1
Saved attachment: 13e67355-1ecd-498d-a6ed-adf60fb2b61c_SensorPushData.zip
Processing file: 1721523523.V10301I18a2M915882.ip-172-31-49-70
Saved plain text body for email 1
Saved attachment: e57d4140-73a3-447b-8f10-798e09aba8a9_SensorPushData.zip
Saved plain text body for email 1
Processing file: 1721552536.V10301I172bM940084.ip-172-31-49-70
Saved plain text body for email 1
Saved HTML body for email 1
Saved attachment: 8b0452f6-6055-436b-b5dd-55cc6006bd2d_Sensor3.zip
Processing file: 1721598641.V10301I172bM917850.ip-172-31-49-70
Saved plain text body for email 1
Saved HTML body for email 1
Saved attachment: 10bbda82-1e5e-4bb7-aa9b-38e4d34960ae_SensorPushData.zip
Processing file: 1721601848.V10301I1375M353616.ip-172-31-49-70
Saved plain text body for email 1
Saved attachment: 8c174590-cda6-4dbe-9cb2-a638d467b848_SensorPushData.zip
Saved plain text body for email 1
Processing file: 1721601978.V10301I172bM214226.ip-172-31-49-70
Saved plain text body for email 1
Saved attachment: 1255ea2c-1dc7-46bf-81dd-c9f3db099a13_SensorPushData.zip
Saved plain text body for email 1
Processing file: 1721601909.V10301I1375M432721.ip-172-31-49-70
Saved plain text body for email 2
Saved attachment: 02d2542b-fcd2-4226-898c-8d8884501913_SensorPushData.zip
Saved plain text body for email 2
Processing file: 1721632060.V10301If48M602092.ip-172-31-49-70
Saved plain text body for email 1
Saved HTML body for email 1
Saved attachment: 334b04d1-2b50-4f0a-86cb-e0323cdc9ab2_Sensor3.zip
Processing file: 1721667609.V10301I38b9M750350.ip-172-31-49-70
Saved plain text body for email 1
Saved attachment: 99f50023-a024-484d-abcf-38114ad6dc3d_SensorPushData.zip
Saved plain text body for email 1
Processing file: 1721667721.V10301I38afM735534.ip-172-31-49-70
Saved plain text body for email 2
Saved attachment: 77e580bb-3dc6-48e4-85c5-448d6a9eeab5_SensorPushData.zip
Saved plain text body for email 2
Processing file: 1721673603.V10301I38bbM974069.ip-172-31-49-70
Saved plain text body for email 1
Saved HTML body for email 1
Saved attachment: 49167083-fd39-4db7-9e09-2eb22d0f5e99_SensorPushData.zip
Processing file: 1721675067.V10301I38afM113360.ip-172-31-49-70
Saved plain text body for email 1
Saved HTML body for email 1
Saved attachment: 3ffd7a39-e047-4086-91e1-9b158ee4aa53_SensorPushData.zip
Processing file: 1721679530.V10301I7c7M477724.ip-172-31-49-70
Saved plain text body for email 1
Saved attachment: dbd832ea-2785-48b8-99aa-75738560ee2a_SensorPushData.zip
Saved plain text body for email 1
Processing file: 1721679610.V10301I7c7M148110.ip-172-31-49-70
Saved plain text body for email 1
Saved attachment: 6eff063a-e6a2-4a0a-ba5b-b435a5764809_SensorPushData.zip
Saved plain text body for email 1
Processing file: 1721743105.V10301If1eM927059.ip-172-31-49-70
Saved plain text body for email 1
Saved attachment: 7b65b01a-08d4-40dd-b109-d06cb12677a1_SensorPushData.zip
Saved plain text body for email 1
Processing file: 1721745969.V10301I1741M936955.ip-172-31-49-70
Saved plain text body for email 1
Saved HTML body for email 1
Saved attachment: 174b239d-ef05-432a-9dbb-c083ca3eebf7_Sensor3.zip
Processing file: 1721761840.V10301I4c18M676602.ip-172-31-49-70
Saved plain text body for email 1
Saved HTML body for email 1
Saved attachment: 6d6df096-badc-49fe-a13e-c3c5b82043da_Sensor25.zip.zip
Processing file: 1721761866.V10301I1741M389564.ip-172-31-49-70
Saved plain text body for email 2
Saved HTML body for email 2
Saved attachment: cfb0df2e-d68b-435e-a630-188441b79215_Sensor25.zip
Processing file: 1721761911.V10301I76afM695740.ip-172-31-49-70
Saved plain text body for email 3
Saved HTML body for email 3
Saved attachment: 1fc31c2c-2261-4b53-a8d1-c3e89c3a838b_Sensor8.zip
Processing file: 1721770224.V10301I76afM163035.ip-172-31-49-70
Saved plain text body for email 1
Saved HTML body for email 1
Saved attachment: e416d270-6f00-4b36-8a02-f4ca1d9976e9_SensorPushData.zip
Processing file: 1721773736.V10301If1eM814364.ip-172-31-49-70
Saved plain text body for email 1
Saved attachment: 01ee07ae-4afe-4e96-89fe-48b1a2bfbcad_SensorPushData.zip
Saved plain text body for email 1
Processing file: 1721774070.V10301If1eM156598.ip-172-31-49-70
Saved plain text body for email 1
Saved attachment: 8c9b33b4-b25f-4fdc-8bcf-891ebf2d560e_SensorPushData.zip
Saved plain text body for email 1
Processing file: 1721775844.V10301If1eM977317.ip-172-31-49-70
Saved plain text body for email 1
Saved attachment: b2c3e078-072a-4b4b-a71b-1178c2d8af02_SensorPushData.zip
Saved plain text body for email 1
Processing file: 1721776001.V10301If1eM691184.ip-172-31-49-70
Saved plain text body for email 1
Saved attachment: 7b121137-29e5-4a94-a76d-66391ddd8efc_SensorPushData.zip
Saved plain text body for email 1
Processing file: 1721791996.V10301If1eM25694.ip-172-31-49-70
Saved plain text body for email 1
Saved attachment: 8720ef4f-a41a-4400-8510-ec13de00c6e7_SensorPushData.zip
Saved plain text body for email 1
Processing file: 1721842312.V10301I1d3aM27468.ip-172-31-49-70
Saved plain text body for email 1
Saved HTML body for email 1
Saved attachment: d716a0ce-a35a-477f-9f33-42c8884bd65d_SensorPushData.zip
Processing file: 1721888459.V10301I76bbM96912.ip-172-31-49-70
Saved plain text body for email 1
Saved attachment: 06bccce5-9d35-4163-8fd7-8145270a845a_SensorPushData.zip
Saved plain text body for email 1
Processing file: 1721915810.V10301Ic64M962265.ip-172-31-49-70
Saved plain text body for email 1
Saved attachment: bfad5728-a5fa-43e5-b532-9fad64b029ed_SensorPushData.zip
Saved plain text body for email 1
Processing file: 1721918234.V10301I7c7M359564.ip-172-31-49-70
Saved plain text body for email 1
Saved attachment: 53c793b2-cc75-41c7-8491-3128773bfa7a_SensorPushData.zip
Saved plain text body for email 1
Processing file: 1721924606.V10301Ic64M528951.ip-172-31-49-70
Saved plain text body for email 1
Saved HTML body for email 1
Saved attachment: d7d72fed-a0f7-4526-92c3-8a760f765e63_SensorPushData.zip
Processing file: 1721930160.V10301Ic64M222175.ip-172-31-49-70
Saved plain text body for email 1
Saved HTML body for email 1
Saved attachment: 9f84bc31-0b51-49b0-b9fd-29f799c93d12_Sensor8.zip
Processing file: 1721931879.V10301I125dM226668.ip-172-31-49-70
Saved plain text body for email 1
Saved HTML body for email 1
Saved attachment: 82bd2a74-3ae1-4c1a-ae21-5b9544107a10_Sensor25.zip
Processing file: 1721931720.V10301I1239M91599.ip-172-31-49-70
Saved plain text body for email 2
Saved attachment: 87ac6528-d85b-46b1-bd89-3ddb22c144a8_SensorPushData.zip
Saved plain text body for email 2
Processing file: 1721932263.V10301I1239M796519.ip-172-31-49-70
Saved plain text body for email 1
Saved HTML body for email 1
Saved attachment: efd1043f-be01-478b-8ee1-b7e378c02c89_Sensor25.zip
Processing file: 1721933378.V10301I7c7M820349.ip-172-31-49-70
Saved attachment: df7a82c0-557e-4357-ab79-0b15beed3e92_SensorPushData.zip
Saved plain text body for email 1
Processing file: 1721949520.V10301I7c7M607618.ip-172-31-49-70
Saved plain text body for email 1
Saved attachment: 516f2e03-a5c1-40d7-8ec7-756c0201ab9b_SensorPushData.zip
Saved plain text body for email 1
Processing file: 1721972813.V10301Ic64M214507.ip-172-31-49-70
Saved plain text body for email 1
Saved attachment: 282f80f8-86f0-4f60-aa03-84ec93e012b2_SensorPushData.zip
Saved plain text body for email 1
Processing file: 1722029879.V10301If48M512583.ip-172-31-49-70
Saved plain text body for email 1
Saved HTML body for email 1
Saved attachment: 87fca4aa-7220-4a6e-837d-7b00a4c61d4c_SensorPushData.zip
Processing file: 1722029918.V10301Ic66M966150.ip-172-31-49-70
Saved plain text body for email 2
Saved HTML body for email 2
Saved attachment: 5b1ee588-8886-4dc6-8738-5e62be7ac0ec_SensorPushData.zip
Processing file: 1722089666.V10301Ica8M937888.ip-172-31-49-70
Saved plain text body for email 1
Saved attachment: 1be9322a-e90a-442b-a2d8-75f57b4ba528_SensorPushData.zip
Saved plain text body for email 1
